{"name": "test_adduser01[getuserinfo0]", "status": "failed", "statusDetails": {"message": "AssertionError: assert '添加成员' == '保存'\n  - 保存\n  + 添加成员", "trace": "self = <testcase.test_adduser.Test_add object at 0x000002DBA4A58A90>\ngetuserinfo = ['周栒0', 'zx1', 1, '测试开发001', '1255783359@qq.com']\n\n    def test_adduser01(self,getuserinfo):\n        data=getuserinfo\n    \n        with allure.step('点击添加用户'):\n    \n            self.driver.implicitly_wait(10)\n            self.driver.find_elements_by_link_text(\"添加成员\")[0].click()\n            time.sleep(2)\n        with allure.step('输入用户名字'):\n    \n            self.driver.find_element(By.ID,'username').send_keys(data[0])\n        with allure.step('输入用户别名'):\n    \n            self.driver.find_element(By.ID,'memberAdd_english_name').send_keys(data[1])\n        with allure.step('输入账号'):\n            self.driver.find_element(By.ID,'memberAdd_acctid').send_keys(data[2])\n        with allure.step('输入职务'):\n            self.driver.find_element(By.ID,'memberAdd_title').send_keys(data[3])\n        with allure.step('输入邮箱'):\n            self.driver.find_element(By.ID,'memberAdd_mail').send_keys(data[4])\n        with allure.step('保存并添加用户'):\n            logging.info(\"保存添加并保存用户\")\n            self.driver.execute_script(\"document.documentElement.scrollTop=10000\")\n            time.sleep(2)\n            self.driver.find_element(By.XPATH,'//div[@class=\"member_colRight_operationBar ww_operationBar\"][2]/a[2]').click()\n            time.sleep(2)\n        with allure.step('判断是否添加成功'):\n            a=self.driver.find_elements_by_link_text(\"添加成员\")[0].text\n>           assert a=='保存'\nE           AssertionError: assert '添加成员' == '保存'\nE             - 保存\nE             + 添加成员\n\ntestcase\\test_adduser.py:59: AssertionError"}, "steps": [{"name": "点击添加用户", "status": "passed", "start": 1624891875565, "stop": 1624891878945}, {"name": "输入用户名字", "status": "passed", "start": 1624891878945, "stop": 1624891879015}, {"name": "输入用户别名", "status": "passed", "start": 1624891879015, "stop": 1624891879107}, {"name": "输入账号", "status": "passed", "start": 1624891879107, "stop": 1624891879194}, {"name": "输入职务", "status": "passed", "start": 1624891879194, "stop": 1624891879287}, {"name": "输入邮箱", "status": "passed", "start": 1624891879287, "stop": 1624891879419}, {"name": "保存并添加用户", "status": "passed", "start": 1624891879419, "stop": 1624891883536}, {"name": "判断是否添加成功", "status": "failed", "statusDetails": {"message": "AssertionError: assert '添加成员' == '保存'\n  - 保存\n  + 添加成员\n", "trace": "  File \"E:\\webuiauto\\testcase\\test_adduser.py\", line 59, in test_adduser01\n    assert a=='保存'\n"}, "start": 1624891883536, "stop": 1624891885319}], "attachments": [{"name": "log", "source": "c349ac8e-9754-4040-8072-aec988420163-attachment.txt", "type": "text/plain"}], "parameters": [{"name": "getuserinfo", "value": "['周栒0', 'zx1', 1, '测试开发001', '1255783359@qq.com']"}], "start": 1624891875565, "stop": 1624891885319, "uuid": "4fb60133-399c-4565-891a-429c8945fa74", "historyId": "eb5c4930cb758b2a98e1b33f2791399a", "testCaseId": "8a791109a3f5408af76baa51cccc3461", "fullName": "testcase.test_adduser.Test_add#test_adduser01", "labels": [{"name": "feature", "value": "企业微信web自动化测试"}, {"name": "parentSuite", "value": "testcase"}, {"name": "suite", "value": "test_adduser"}, {"name": "subSuite", "value": "Test_add"}, {"name": "host", "value": "DESKTOP-DTAGS45"}, {"name": "thread", "value": "13148-MainThread"}, {"name": "framework", "value": "pytest"}, {"name": "language", "value": "cpython3"}, {"name": "package", "value": "testcase.test_adduser"}]}